<?xml version="1.0" encoding="UTF-8"?>
<!-- Generated by org.testng.reporters.JUnitXMLReporter -->
<testsuite hostname="Saritha-Jagannathan" ignored="0" name="Edge test Cases" tests="7" failures="0" timestamp="2021-08-24T13:17:38 MDT" time="0.016" errors="0">
  <testcase name="all_nums_zero" time="0.001" classname="foodEstimatorServiceTests.edgeCases"/>
  <testcase name="num_large_dogs_is_max" time="0.001" classname="foodEstimatorServiceTests.edgeCases"/>
  <testcase name="num_large_dogs_is_zero" time="0.001" classname="foodEstimatorServiceTests.edgeCases"/>
  <testcase name="num_med_dogs_is_max" time="0.001" classname="foodEstimatorServiceTests.edgeCases"/>
  <testcase name="num_med_dogs_is_zero" time="0.001" classname="foodEstimatorServiceTests.edgeCases"/>
  <testcase name="num_small_dogs_is_max" time="0.001" classname="foodEstimatorServiceTests.edgeCases"/>
  <testcase name="num_small_dogs_is_zero" time="0.001" classname="foodEstimatorServiceTests.edgeCases"/>
</testsuite> <!-- Edge test Cases -->
